[2019-01-08 09:16:58] local.ERROR: syntax error, unexpected '<<' (T_SL), expecting end of file {"exception":"[object] (Symfony\\Component\\Debug\\Exception\\FatalThrowableError(code: 0): syntax error, unexpected '<<' (T_SL), expecting end of file at /Users/Elisa/Becode/nutflux-vuejs-laravel/routes/web.php:18)
[stacktrace]
#0 /Users/Elisa/Becode/nutflux-vuejs-laravel/vendor/laravel/framework/src/Illuminate/Routing/Router.php(373): Illuminate\\Routing\\Router->loadRoutes('/Users/Elisa/Be...')
#1 /Users/Elisa/Becode/nutflux-vuejs-laravel/vendor/laravel/framework/src/Illuminate/Routing/RouteRegistrar.php(121): Illuminate\\Routing\\Router->group(Array, '/Users/Elisa/Be...')
#2 /Users/Elisa/Becode/nutflux-vuejs-laravel/app/Providers/RouteServiceProvider.php(56): Illuminate\\Routing\\RouteRegistrar->group('/Users/Elisa/Be...')
#3 /Users/Elisa/Becode/nutflux-vuejs-laravel/app/Providers/RouteServiceProvider.php(40): App\\Providers\\RouteServiceProvider->mapWebRoutes()
#4 [internal function]: App\\Providers\\RouteServiceProvider->map()
#5 /Users/Elisa/Becode/nutflux-vuejs-laravel/vendor/laravel/framework/src/Illuminate/Container/BoundMethod.php(29): call_user_func_array(Array, Array)
#6 /Users/Elisa/Becode/nutflux-vuejs-laravel/vendor/laravel/framework/src/Illuminate/Container/BoundMethod.php(87): Illuminate\\Container\\BoundMethod::Illuminate\\Container\\{closure}()
#7 /Users/Elisa/Becode/nutflux-vuejs-laravel/vendor/laravel/framework/src/Illuminate/Container/BoundMethod.php(31): Illuminate\\Container\\BoundMethod::callBoundMethod(Object(Illuminate\\Foundation\\Application), Array, Object(Closure))
#8 /Users/Elisa/Becode/nutflux-vuejs-laravel/vendor/laravel/framework/src/Illuminate/Container/Container.php(572): Illuminate\\Container\\BoundMethod::call(Object(Illuminate\\Foundation\\Application), Array, Array, NULL)
#9 /Users/Elisa/Becode/nutflux-vuejs-laravel/vendor/laravel/framework/src/Illuminate/Foundation/Support/Providers/RouteServiceProvider.php(77): Illuminate\\Container\\Container->call(Array)
#10 /Users/Elisa/Becode/nutflux-vuejs-laravel/vendor/laravel/framework/src/Illuminate/Foundation/Support/Providers/RouteServiceProvider.php(36): Illuminate\\Foundation\\Support\\Providers\\RouteServiceProvider->loadRoutes()
#11 /Users/Elisa/Becode/nutflux-vuejs-laravel/app/Providers/RouteServiceProvider.php(28): Illuminate\\Foundation\\Support\\Providers\\RouteServiceProvider->boot()
#12 [internal function]: App\\Providers\\RouteServiceProvider->boot()
#13 /Users/Elisa/Becode/nutflux-vuejs-laravel/vendor/laravel/framework/src/Illuminate/Container/BoundMethod.php(29): call_user_func_array(Array, Array)
#14 /Users/Elisa/Becode/nutflux-vuejs-laravel/vendor/laravel/framework/src/Illuminate/Container/BoundMethod.php(87): Illuminate\\Container\\BoundMethod::Illuminate\\Container\\{closure}()
#15 /Users/Elisa/Becode/nutflux-vuejs-laravel/vendor/laravel/framework/src/Illuminate/Container/BoundMethod.php(31): Illuminate\\Container\\BoundMethod::callBoundMethod(Object(Illuminate\\Foundation\\Application), Array, Object(Closure))
#16 /Users/Elisa/Becode/nutflux-vuejs-laravel/vendor/laravel/framework/src/Illuminate/Container/Container.php(572): Illuminate\\Container\\BoundMethod::call(Object(Illuminate\\Foundation\\Application), Array, Array, NULL)
#17 /Users/Elisa/Becode/nutflux-vuejs-laravel/vendor/laravel/framework/src/Illuminate/Foundation/Application.php(795): Illuminate\\Container\\Container->call(Array)
#18 /Users/Elisa/Becode/nutflux-vuejs-laravel/vendor/laravel/framework/src/Illuminate/Foundation/Application.php(778): Illuminate\\Foundation\\Application->bootProvider(Object(App\\Providers\\RouteServiceProvider))
#19 [internal function]: Illuminate\\Foundation\\Application->Illuminate\\Foundation\\{closure}(Object(App\\Providers\\RouteServiceProvider), 22)
#20 /Users/Elisa/Becode/nutflux-vuejs-laravel/vendor/laravel/framework/src/Illuminate/Foundation/Application.php(779): array_walk(Array, Object(Closure))
#21 /Users/Elisa/Becode/nutflux-vuejs-laravel/vendor/laravel/framework/src/Illuminate/Foundation/Bootstrap/BootProviders.php(17): Illuminate\\Foundation\\Application->boot()
#22 /Users/Elisa/Becode/nutflux-vuejs-laravel/vendor/laravel/framework/src/Illuminate/Foundation/Application.php(204): Illuminate\\Foundation\\Bootstrap\\BootProviders->bootstrap(Object(Illuminate\\Foundation\\Application))
#23 /Users/Elisa/Becode/nutflux-vuejs-laravel/vendor/laravel/framework/src/Illuminate/Foundation/Console/Kernel.php(297): Illuminate\\Foundation\\Application->bootstrapWith(Array)
#24 /Users/Elisa/Becode/nutflux-vuejs-laravel/vendor/laravel/framework/src/Illuminate/Foundation/Console/Kernel.php(120): Illuminate\\Foundation\\Console\\Kernel->bootstrap()
#25 /Users/Elisa/Becode/nutflux-vuejs-laravel/artisan(37): Illuminate\\Foundation\\Console\\Kernel->handle(Object(Symfony\\Component\\Console\\Input\\ArgvInput), Object(Symfony\\Component\\Console\\Output\\ConsoleOutput))
#26 {main}
"} 
[2019-01-08 11:29:24] local.ERROR: Illuminate\Routing\Router::loadRoutes(): Failed opening required '/Users/Elisa/Becode/nutflux-vuejs-laravel/routes/api.php' (include_path='.:') {"exception":"[object] (Symfony\\Component\\Debug\\Exception\\FatalErrorException(code: 64): Illuminate\\Routing\\Router::loadRoutes(): Failed opening required '/Users/Elisa/Becode/nutflux-vuejs-laravel/routes/api.php' (include_path='.:') at /Users/Elisa/Becode/nutflux-vuejs-laravel/vendor/laravel/framework/src/Illuminate/Routing/Router.php:417)
[stacktrace]
#0 {main}
"} 
[2019-01-08 11:30:15] local.ERROR: Illuminate\Routing\Router::loadRoutes(): Failed opening required '/Users/Elisa/Becode/nutflux-vuejs-laravel/routes/api.php' (include_path='.:') {"exception":"[object] (Symfony\\Component\\Debug\\Exception\\FatalErrorException(code: 64): Illuminate\\Routing\\Router::loadRoutes(): Failed opening required '/Users/Elisa/Becode/nutflux-vuejs-laravel/routes/api.php' (include_path='.:') at /Users/Elisa/Becode/nutflux-vuejs-laravel/vendor/laravel/framework/src/Illuminate/Routing/Router.php:417)
[stacktrace]
#0 {main}
"} 
[2019-01-08 13:19:11] local.ERROR: Illuminate\Routing\Router::loadRoutes(): Failed opening required '/Users/Elisa/Becode/nutflux-vuejs-laravel/routes/api.php' (include_path='.:') {"exception":"[object] (Symfony\\Component\\Debug\\Exception\\FatalErrorException(code: 64): Illuminate\\Routing\\Router::loadRoutes(): Failed opening required '/Users/Elisa/Becode/nutflux-vuejs-laravel/routes/api.php' (include_path='.:') at /Users/Elisa/Becode/nutflux-vuejs-laravel/vendor/laravel/framework/src/Illuminate/Routing/Router.php:417)
[stacktrace]
#0 {main}
"} 
[2019-01-08 13:19:13] local.ERROR: Illuminate\Routing\Router::loadRoutes(): Failed opening required '/Users/Elisa/Becode/nutflux-vuejs-laravel/routes/api.php' (include_path='.:') {"exception":"[object] (Symfony\\Component\\Debug\\Exception\\FatalErrorException(code: 64): Illuminate\\Routing\\Router::loadRoutes(): Failed opening required '/Users/Elisa/Becode/nutflux-vuejs-laravel/routes/api.php' (include_path='.:') at /Users/Elisa/Becode/nutflux-vuejs-laravel/vendor/laravel/framework/src/Illuminate/Routing/Router.php:417)
[stacktrace]
#0 {main}
"} 
[2019-01-08 13:19:50] local.ERROR: Illuminate\Routing\Router::loadRoutes(): Failed opening required '/Users/Elisa/Becode/nutflux-vuejs-laravel/routes/api.php' (include_path='.:') {"exception":"[object] (Symfony\\Component\\Debug\\Exception\\FatalErrorException(code: 64): Illuminate\\Routing\\Router::loadRoutes(): Failed opening required '/Users/Elisa/Becode/nutflux-vuejs-laravel/routes/api.php' (include_path='.:') at /Users/Elisa/Becode/nutflux-vuejs-laravel/vendor/laravel/framework/src/Illuminate/Routing/Router.php:417)
[stacktrace]
#0 {main}
"} 
[2019-01-08 13:19:57] local.ERROR: Illuminate\Routing\Router::loadRoutes(): Failed opening required '/Users/Elisa/Becode/nutflux-vuejs-laravel/routes/api.php' (include_path='.:') {"exception":"[object] (Symfony\\Component\\Debug\\Exception\\FatalErrorException(code: 64): Illuminate\\Routing\\Router::loadRoutes(): Failed opening required '/Users/Elisa/Becode/nutflux-vuejs-laravel/routes/api.php' (include_path='.:') at /Users/Elisa/Becode/nutflux-vuejs-laravel/vendor/laravel/framework/src/Illuminate/Routing/Router.php:417)
[stacktrace]
#0 {main}
"} 
[2019-01-08 13:21:56] local.ERROR: Illuminate\Routing\Router::loadRoutes(): Failed opening required '/Users/Elisa/Becode/nutflux-vuejs-laravel/routes/api.php' (include_path='.:') {"exception":"[object] (Symfony\\Component\\Debug\\Exception\\FatalErrorException(code: 64): Illuminate\\Routing\\Router::loadRoutes(): Failed opening required '/Users/Elisa/Becode/nutflux-vuejs-laravel/routes/api.php' (include_path='.:') at /Users/Elisa/Becode/nutflux-vuejs-laravel/vendor/laravel/framework/src/Illuminate/Routing/Router.php:417)
[stacktrace]
#0 {main}
"} 
